Connecting to database specified by database.yml
Connecting to database specified by database.yml
Connecting to database specified by database.yml
Connecting to database specified by database.yml
Connecting to database specified by database.yml
  [1m[36m (0.1ms)[0m  [1mselect sqlite_version(*)[0m
  [1m[35m (1.5ms)[0m  CREATE TABLE "schema_migrations" ("version" varchar(255) NOT NULL) 
  [1m[36m (1.0ms)[0m  [1mCREATE UNIQUE INDEX "unique_schema_migrations" ON "schema_migrations" ("version")[0m
  [1m[35m (1.2ms)[0m  SELECT "schema_migrations"."version" FROM "schema_migrations" 
Migrating to CreateUsers (20130806220707)
  [1m[36m (0.0ms)[0m  [1mbegin transaction[0m
  [1m[35m (0.5ms)[0m  CREATE TABLE "users" ("id" INTEGER PRIMARY KEY AUTOINCREMENT NOT NULL, "username" varchar(255), "created_at" datetime NOT NULL, "updated_at" datetime NOT NULL) 
  [1m[36m (0.1ms)[0m  [1mINSERT INTO "schema_migrations" ("version") VALUES ('20130806220707')[0m
  [1m[35m (1.0ms)[0m  commit transaction
Migrating to CreateFollows (20130806220716)
  [1m[36m (0.0ms)[0m  [1mbegin transaction[0m
  [1m[35m (0.4ms)[0m  CREATE TABLE "follows" ("id" INTEGER PRIMARY KEY AUTOINCREMENT NOT NULL, "follower_id" integer, "followed_id" integer, "created_at" datetime NOT NULL, "updated_at" datetime NOT NULL) 
  [1m[36m (0.1ms)[0m  [1mINSERT INTO "schema_migrations" ("version") VALUES ('20130806220716')[0m
  [1m[35m (1.0ms)[0m  commit transaction
Migrating to CreateStatuses (20130806220727)
  [1m[36m (0.1ms)[0m  [1mbegin transaction[0m
  [1m[35m (0.5ms)[0m  CREATE TABLE "statuses" ("id" INTEGER PRIMARY KEY AUTOINCREMENT NOT NULL, "tweet" varchar(140), "user_id" integer, "created_at" datetime NOT NULL, "updated_at" datetime NOT NULL) 
  [1m[36m (0.1ms)[0m  [1mINSERT INTO "schema_migrations" ("version") VALUES ('20130806220727')[0m
  [1m[35m (1.0ms)[0m  commit transaction
  [1m[36m (0.1ms)[0m  [1mSELECT "schema_migrations"."version" FROM "schema_migrations" [0m
Connecting to database specified by database.yml
  [1m[36m (1.7ms)[0m  [1mselect sqlite_version(*)[0m
  [1m[35m (1.3ms)[0m  CREATE TABLE "follows" ("id" INTEGER PRIMARY KEY AUTOINCREMENT NOT NULL, "follower_id" integer, "followed_id" integer, "created_at" datetime NOT NULL, "updated_at" datetime NOT NULL) 
  [1m[36m (1.7ms)[0m  [1mCREATE TABLE "statuses" ("id" INTEGER PRIMARY KEY AUTOINCREMENT NOT NULL, "tweet" varchar(140), "user_id" integer, "created_at" datetime NOT NULL, "updated_at" datetime NOT NULL) [0m
  [1m[35m (1.5ms)[0m  CREATE TABLE "users" ("id" INTEGER PRIMARY KEY AUTOINCREMENT NOT NULL, "username" varchar(255), "created_at" datetime NOT NULL, "updated_at" datetime NOT NULL) 
  [1m[36m (1.2ms)[0m  [1mCREATE TABLE "schema_migrations" ("version" varchar(255) NOT NULL) [0m
  [1m[35m (1.1ms)[0m  CREATE UNIQUE INDEX "unique_schema_migrations" ON "schema_migrations" ("version")
  [1m[36m (0.1ms)[0m  [1mSELECT version FROM "schema_migrations"[0m
  [1m[35m (1.1ms)[0m  INSERT INTO "schema_migrations" (version) VALUES ('20130806220727')
  [1m[36m (1.0ms)[0m  [1mINSERT INTO "schema_migrations" (version) VALUES ('20130806220707')[0m
  [1m[35m (1.0ms)[0m  INSERT INTO "schema_migrations" (version) VALUES ('20130806220716')
  [1m[36m (12.4ms)[0m  [1mSELECT "schema_migrations"."version" FROM "schema_migrations" [0m
  [1m[35m (0.0ms)[0m  begin transaction
  [1m[36mSQL (3.7ms)[0m  [1mINSERT INTO "users" ("created_at", "updated_at", "username") VALUES (?, ?, ?)[0m  [["created_at", Tue, 06 Aug 2013 23:14:09 UTC +00:00], ["updated_at", Tue, 06 Aug 2013 23:14:09 UTC +00:00], ["username", "jlos_booty"]]
  [1m[35m (1.4ms)[0m  commit transaction
  [1m[36m (0.0ms)[0m  [1mbegin transaction[0m
  [1m[35mSQL (0.4ms)[0m  INSERT INTO "users" ("created_at", "updated_at", "username") VALUES (?, ?, ?)  [["created_at", Tue, 06 Aug 2013 23:14:09 UTC +00:00], ["updated_at", Tue, 06 Aug 2013 23:14:09 UTC +00:00], ["username", "iamdagreatest"]]
  [1m[36m (1.7ms)[0m  [1mcommit transaction[0m
  [1m[35m (0.0ms)[0m  begin transaction
  [1m[36mSQL (0.3ms)[0m  [1mINSERT INTO "users" ("created_at", "updated_at", "username") VALUES (?, ?, ?)[0m  [["created_at", Tue, 06 Aug 2013 23:14:09 UTC +00:00], ["updated_at", Tue, 06 Aug 2013 23:14:09 UTC +00:00], ["username", "follower1"]]
  [1m[35m (1.7ms)[0m  commit transaction
  [1m[36m (0.0ms)[0m  [1mbegin transaction[0m
  [1m[35mSQL (0.3ms)[0m  INSERT INTO "users" ("created_at", "updated_at", "username") VALUES (?, ?, ?)  [["created_at", Tue, 06 Aug 2013 23:14:09 UTC +00:00], ["updated_at", Tue, 06 Aug 2013 23:14:09 UTC +00:00], ["username", "follower2"]]
  [1m[36m (1.6ms)[0m  [1mcommit transaction[0m
  [1m[35m (0.0ms)[0m  begin transaction
  [1m[36mSQL (0.3ms)[0m  [1mINSERT INTO "users" ("created_at", "updated_at", "username") VALUES (?, ?, ?)[0m  [["created_at", Tue, 06 Aug 2013 23:14:09 UTC +00:00], ["updated_at", Tue, 06 Aug 2013 23:14:09 UTC +00:00], ["username", "follower3"]]
  [1m[35m (1.7ms)[0m  commit transaction
  [1m[36m (0.0ms)[0m  [1mbegin transaction[0m
  [1m[35mSQL (0.5ms)[0m  INSERT INTO "statuses" ("created_at", "tweet", "updated_at", "user_id") VALUES (?, ?, ?, ?)  [["created_at", Tue, 06 Aug 2013 23:14:09 UTC +00:00], ["tweet", "I've got a huge ass, y'all"], ["updated_at", Tue, 06 Aug 2013 23:14:09 UTC +00:00], ["user_id", 1]]
  [1m[36m (1.3ms)[0m  [1mcommit transaction[0m
  [1m[35m (0.0ms)[0m  begin transaction
  [1m[36mSQL (0.5ms)[0m  [1mINSERT INTO "follows" ("created_at", "followed_id", "follower_id", "updated_at") VALUES (?, ?, ?, ?)[0m  [["created_at", Tue, 06 Aug 2013 23:14:09 UTC +00:00], ["followed_id", 1], ["follower_id", 3], ["updated_at", Tue, 06 Aug 2013 23:14:09 UTC +00:00]]
  [1m[35m (0.9ms)[0m  commit transaction
  [1m[36m (0.0ms)[0m  [1mbegin transaction[0m
  [1m[35mSQL (0.3ms)[0m  INSERT INTO "follows" ("created_at", "followed_id", "follower_id", "updated_at") VALUES (?, ?, ?, ?)  [["created_at", Tue, 06 Aug 2013 23:14:09 UTC +00:00], ["followed_id", 1], ["follower_id", 4], ["updated_at", Tue, 06 Aug 2013 23:14:09 UTC +00:00]]
  [1m[36m (1.5ms)[0m  [1mcommit transaction[0m
Connecting to database specified by database.yml
  [1m[36m (1.1ms)[0m  [1mselect sqlite_version(*)[0m
  [1m[35m (1.6ms)[0m  CREATE TABLE "follows" ("id" INTEGER PRIMARY KEY AUTOINCREMENT NOT NULL, "follower_id" integer, "followed_id" integer, "created_at" datetime NOT NULL, "updated_at" datetime NOT NULL) 
  [1m[36m (1.3ms)[0m  [1mCREATE TABLE "statuses" ("id" INTEGER PRIMARY KEY AUTOINCREMENT NOT NULL, "tweet" varchar(140), "user_id" integer, "created_at" datetime NOT NULL, "updated_at" datetime NOT NULL) [0m
  [1m[35m (1.2ms)[0m  CREATE TABLE "users" ("id" INTEGER PRIMARY KEY AUTOINCREMENT NOT NULL, "username" varchar(255), "created_at" datetime NOT NULL, "updated_at" datetime NOT NULL) 
  [1m[36m (1.0ms)[0m  [1mCREATE TABLE "schema_migrations" ("version" varchar(255) NOT NULL) [0m
  [1m[35m (1.1ms)[0m  CREATE UNIQUE INDEX "unique_schema_migrations" ON "schema_migrations" ("version")
  [1m[36m (0.1ms)[0m  [1mSELECT version FROM "schema_migrations"[0m
  [1m[35m (1.0ms)[0m  INSERT INTO "schema_migrations" (version) VALUES ('20130806220727')
  [1m[36m (1.0ms)[0m  [1mINSERT INTO "schema_migrations" (version) VALUES ('20130806220707')[0m
  [1m[35m (1.0ms)[0m  INSERT INTO "schema_migrations" (version) VALUES ('20130806220716')
  [1m[36m (1.2ms)[0m  [1mSELECT "schema_migrations"."version" FROM "schema_migrations" [0m
  [1m[35m (0.0ms)[0m  begin transaction
  [1m[36mSQL (3.4ms)[0m  [1mINSERT INTO "users" ("created_at", "updated_at", "username") VALUES (?, ?, ?)[0m  [["created_at", Tue, 06 Aug 2013 23:14:51 UTC +00:00], ["updated_at", Tue, 06 Aug 2013 23:14:51 UTC +00:00], ["username", "jlos_booty"]]
  [1m[35m (1.2ms)[0m  commit transaction
  [1m[36m (0.0ms)[0m  [1mbegin transaction[0m
  [1m[35mSQL (0.4ms)[0m  INSERT INTO "users" ("created_at", "updated_at", "username") VALUES (?, ?, ?)  [["created_at", Tue, 06 Aug 2013 23:14:51 UTC +00:00], ["updated_at", Tue, 06 Aug 2013 23:14:51 UTC +00:00], ["username", "iamdagreatest"]]
  [1m[36m (1.0ms)[0m  [1mcommit transaction[0m
  [1m[35m (0.0ms)[0m  begin transaction
  [1m[36mSQL (0.3ms)[0m  [1mINSERT INTO "users" ("created_at", "updated_at", "username") VALUES (?, ?, ?)[0m  [["created_at", Tue, 06 Aug 2013 23:14:51 UTC +00:00], ["updated_at", Tue, 06 Aug 2013 23:14:51 UTC +00:00], ["username", "follower1"]]
  [1m[35m (1.2ms)[0m  commit transaction
  [1m[36m (0.0ms)[0m  [1mbegin transaction[0m
  [1m[35mSQL (0.3ms)[0m  INSERT INTO "users" ("created_at", "updated_at", "username") VALUES (?, ?, ?)  [["created_at", Tue, 06 Aug 2013 23:14:51 UTC +00:00], ["updated_at", Tue, 06 Aug 2013 23:14:51 UTC +00:00], ["username", "follower2"]]
  [1m[36m (1.4ms)[0m  [1mcommit transaction[0m
  [1m[35m (0.0ms)[0m  begin transaction
  [1m[36mSQL (0.3ms)[0m  [1mINSERT INTO "users" ("created_at", "updated_at", "username") VALUES (?, ?, ?)[0m  [["created_at", Tue, 06 Aug 2013 23:14:51 UTC +00:00], ["updated_at", Tue, 06 Aug 2013 23:14:51 UTC +00:00], ["username", "follower3"]]
  [1m[35m (1.1ms)[0m  commit transaction
  [1m[36m (0.0ms)[0m  [1mbegin transaction[0m
  [1m[35mSQL (0.5ms)[0m  INSERT INTO "statuses" ("created_at", "tweet", "updated_at", "user_id") VALUES (?, ?, ?, ?)  [["created_at", Tue, 06 Aug 2013 23:14:51 UTC +00:00], ["tweet", "I've got a huge ass, y'all"], ["updated_at", Tue, 06 Aug 2013 23:14:51 UTC +00:00], ["user_id", 1]]
  [1m[36m (1.3ms)[0m  [1mcommit transaction[0m
  [1m[35m (0.0ms)[0m  begin transaction
  [1m[36mSQL (0.4ms)[0m  [1mINSERT INTO "follows" ("created_at", "followed_id", "follower_id", "updated_at") VALUES (?, ?, ?, ?)[0m  [["created_at", Tue, 06 Aug 2013 23:14:51 UTC +00:00], ["followed_id", 1], ["follower_id", 3], ["updated_at", Tue, 06 Aug 2013 23:14:51 UTC +00:00]]
  [1m[35m (1.0ms)[0m  commit transaction
  [1m[36m (0.0ms)[0m  [1mbegin transaction[0m
  [1m[35mSQL (0.3ms)[0m  INSERT INTO "follows" ("created_at", "followed_id", "follower_id", "updated_at") VALUES (?, ?, ?, ?)  [["created_at", Tue, 06 Aug 2013 23:14:51 UTC +00:00], ["followed_id", 1], ["follower_id", 4], ["updated_at", Tue, 06 Aug 2013 23:14:51 UTC +00:00]]
  [1m[36m (1.5ms)[0m  [1mcommit transaction[0m
Connecting to database specified by database.yml
  [1m[36m (1.1ms)[0m  [1mselect sqlite_version(*)[0m
  [1m[35m (5.6ms)[0m  CREATE TABLE "follows" ("id" INTEGER PRIMARY KEY AUTOINCREMENT NOT NULL, "follower_id" integer, "followed_id" integer, "created_at" datetime NOT NULL, "updated_at" datetime NOT NULL) 
  [1m[36m (1.1ms)[0m  [1mCREATE TABLE "statuses" ("id" INTEGER PRIMARY KEY AUTOINCREMENT NOT NULL, "tweet" varchar(140), "user_id" integer, "created_at" datetime NOT NULL, "updated_at" datetime NOT NULL) [0m
  [1m[35m (1.1ms)[0m  CREATE TABLE "users" ("id" INTEGER PRIMARY KEY AUTOINCREMENT NOT NULL, "username" varchar(255), "created_at" datetime NOT NULL, "updated_at" datetime NOT NULL) 
  [1m[36m (1.0ms)[0m  [1mCREATE TABLE "schema_migrations" ("version" varchar(255) NOT NULL) [0m
  [1m[35m (1.1ms)[0m  CREATE UNIQUE INDEX "unique_schema_migrations" ON "schema_migrations" ("version")
  [1m[36m (0.1ms)[0m  [1mSELECT version FROM "schema_migrations"[0m
  [1m[35m (1.0ms)[0m  INSERT INTO "schema_migrations" (version) VALUES ('20130806220727')
  [1m[36m (1.1ms)[0m  [1mINSERT INTO "schema_migrations" (version) VALUES ('20130806220707')[0m
  [1m[35m (1.1ms)[0m  INSERT INTO "schema_migrations" (version) VALUES ('20130806220716')
  [1m[36m (1.1ms)[0m  [1mSELECT "schema_migrations"."version" FROM "schema_migrations" [0m
  [1m[35m (0.0ms)[0m  begin transaction
  [1m[36mSQL (3.5ms)[0m  [1mINSERT INTO "users" ("created_at", "updated_at", "username") VALUES (?, ?, ?)[0m  [["created_at", Tue, 06 Aug 2013 23:16:55 UTC +00:00], ["updated_at", Tue, 06 Aug 2013 23:16:55 UTC +00:00], ["username", "jlos_booty"]]
  [1m[35m (1.5ms)[0m  commit transaction
  [1m[36m (0.0ms)[0m  [1mbegin transaction[0m
  [1m[35mSQL (0.3ms)[0m  INSERT INTO "users" ("created_at", "updated_at", "username") VALUES (?, ?, ?)  [["created_at", Tue, 06 Aug 2013 23:16:55 UTC +00:00], ["updated_at", Tue, 06 Aug 2013 23:16:55 UTC +00:00], ["username", "iamdagreatest"]]
  [1m[36m (1.5ms)[0m  [1mcommit transaction[0m
  [1m[35m (0.0ms)[0m  begin transaction
  [1m[36mSQL (0.3ms)[0m  [1mINSERT INTO "users" ("created_at", "updated_at", "username") VALUES (?, ?, ?)[0m  [["created_at", Tue, 06 Aug 2013 23:16:55 UTC +00:00], ["updated_at", Tue, 06 Aug 2013 23:16:55 UTC +00:00], ["username", "follower1"]]
  [1m[35m (1.4ms)[0m  commit transaction
  [1m[36m (0.0ms)[0m  [1mbegin transaction[0m
  [1m[35mSQL (0.3ms)[0m  INSERT INTO "users" ("created_at", "updated_at", "username") VALUES (?, ?, ?)  [["created_at", Tue, 06 Aug 2013 23:16:55 UTC +00:00], ["updated_at", Tue, 06 Aug 2013 23:16:55 UTC +00:00], ["username", "follower2"]]
  [1m[36m (1.4ms)[0m  [1mcommit transaction[0m
  [1m[35m (0.1ms)[0m  begin transaction
  [1m[36mSQL (0.3ms)[0m  [1mINSERT INTO "users" ("created_at", "updated_at", "username") VALUES (?, ?, ?)[0m  [["created_at", Tue, 06 Aug 2013 23:16:55 UTC +00:00], ["updated_at", Tue, 06 Aug 2013 23:16:55 UTC +00:00], ["username", "follower3"]]
  [1m[35m (1.2ms)[0m  commit transaction
  [1m[36m (0.0ms)[0m  [1mbegin transaction[0m
  [1m[35mSQL (0.5ms)[0m  INSERT INTO "statuses" ("created_at", "tweet", "updated_at", "user_id") VALUES (?, ?, ?, ?)  [["created_at", Tue, 06 Aug 2013 23:16:55 UTC +00:00], ["tweet", "I've got a huge ass, y'all"], ["updated_at", Tue, 06 Aug 2013 23:16:55 UTC +00:00], ["user_id", 1]]
  [1m[36m (0.9ms)[0m  [1mcommit transaction[0m
  [1m[35m (0.0ms)[0m  begin transaction
  [1m[36mSQL (0.4ms)[0m  [1mINSERT INTO "follows" ("created_at", "followed_id", "follower_id", "updated_at") VALUES (?, ?, ?, ?)[0m  [["created_at", Tue, 06 Aug 2013 23:16:55 UTC +00:00], ["followed_id", 1], ["follower_id", 3], ["updated_at", Tue, 06 Aug 2013 23:16:55 UTC +00:00]]
  [1m[35m (1.2ms)[0m  commit transaction
  [1m[36m (0.0ms)[0m  [1mbegin transaction[0m
  [1m[35mSQL (0.3ms)[0m  INSERT INTO "follows" ("created_at", "followed_id", "follower_id", "updated_at") VALUES (?, ?, ?, ?)  [["created_at", Tue, 06 Aug 2013 23:16:55 UTC +00:00], ["followed_id", 1], ["follower_id", 4], ["updated_at", Tue, 06 Aug 2013 23:16:55 UTC +00:00]]
  [1m[36m (1.1ms)[0m  [1mcommit transaction[0m
  [1m[35m (0.0ms)[0m  begin transaction
  [1m[36mSQL (0.3ms)[0m  [1mINSERT INTO "follows" ("created_at", "followed_id", "follower_id", "updated_at") VALUES (?, ?, ?, ?)[0m  [["created_at", Tue, 06 Aug 2013 23:16:55 UTC +00:00], ["followed_id", 2], ["follower_id", 1], ["updated_at", Tue, 06 Aug 2013 23:16:55 UTC +00:00]]
  [1m[35m (1.2ms)[0m  commit transaction
Connecting to database specified by database.yml
Connecting to database specified by database.yml
Connecting to database specified by database.yml
Connecting to database specified by database.yml
Connecting to database specified by database.yml
